# Logfile created on 2019-08-14 02:56:13 -0400 by logger.rb/66358
2019-08-14T06:56:13Z p-16779 t-oxtnhajws WARN: Loading runner configuration...
2019-08-14T06:56:13Z p-16779 t-oxtnhajws WARN: Loading runner configuration...
2019-08-14T06:56:13Z p-16779 t-oxtnhajws WARN: Loading runner configuration...
2019-08-14T06:56:13Z p-16781 t-oxtnhajws INFO: Heartbeat interval used (in seconds): 30
2019-08-14T06:56:13Z p-16779 t-oxtnhajws INFO: Worker 0 finished unexpectedly with status 1
2019-08-14T06:56:14Z p-16782 t-oxtnhajws INFO: Heartbeat interval used (in seconds): 30
2019-08-14T06:56:14Z p-16779 t-oxtnhajws INFO: Worker 0 finished unexpectedly with status 1
2019-08-14T06:56:14Z p-16783 t-oxtnhajws INFO: Heartbeat interval used (in seconds): 30
2019-08-14T06:56:14Z p-16779 t-oxtnhajws INFO: Worker 0 finished unexpectedly with status 1
2019-08-14T06:56:14Z p-16784 t-oxtnhajws INFO: Heartbeat interval used (in seconds): 30
2019-08-14T06:56:14Z p-16779 t-oxtnhajws INFO: Worker 0 finished unexpectedly with status 1
2019-08-14T06:56:14Z p-16785 t-oxtnhajws INFO: Heartbeat interval used (in seconds): 30
2019-08-14T06:56:14Z p-16779 t-oxtnhajws INFO: Worker 0 finished unexpectedly with status 1
2019-08-14T06:56:14Z p-16786 t-oxtnhajws INFO: Heartbeat interval used (in seconds): 30
2019-08-14T06:56:14Z p-16779 t-oxtnhajws INFO: Worker 0 finished unexpectedly with status 1
2019-08-14T06:56:14Z p-16787 t-oxtnhajws INFO: Heartbeat interval used (in seconds): 30
2019-08-14T06:56:14Z p-16779 t-oxtnhajws INFO: Worker 0 finished unexpectedly with status 1
2019-08-14T06:56:14Z p-16788 t-oxtnhajws INFO: Heartbeat interval used (in seconds): 30
2019-08-14T06:56:14Z p-16779 t-oxtnhajws INFO: Worker 0 finished unexpectedly with status 1
2019-08-14T06:56:14Z p-16789 t-oxtnhajws INFO: Heartbeat interval used (in seconds): 30
2019-08-14T06:56:14Z p-16779 t-oxtnhajws INFO: Worker 0 finished unexpectedly with status 1
2019-08-14T06:56:15Z p-16790 t-oxtnhajws INFO: Heartbeat interval used (in seconds): 30
2019-08-14T06:56:15Z p-16779 t-oxtnhajws INFO: Worker 0 finished unexpectedly with status 1
2019-08-14T06:56:15Z p-16791 t-oxtnhajws INFO: Heartbeat interval used (in seconds): 30
2019-08-14T06:56:15Z p-16779 t-oxtnhajws INFO: Worker 0 finished unexpectedly with status 1
2019-08-14T06:56:15Z p-16792 t-oxtnhajws INFO: Heartbeat interval used (in seconds): 30
2019-08-14T06:56:15Z p-16779 t-oxtnhajws INFO: Worker 0 finished unexpectedly with status 1
2019-08-14T06:56:15Z p-16793 t-oxtnhajws INFO: Heartbeat interval used (in seconds): 30
2019-08-14T06:56:15Z p-16779 t-oxtnhajws INFO: Worker 0 finished unexpectedly with status 1
2019-08-14T06:56:15Z p-16794 t-oxtnhajws INFO: Heartbeat interval used (in seconds): 30
2019-08-14T06:56:15Z p-16779 t-oxtnhajws INFO: Worker 0 finished unexpectedly with status 1
2019-08-14T06:56:15Z p-16795 t-oxtnhajws INFO: Heartbeat interval used (in seconds): 30
2019-08-14T06:56:15Z p-16779 t-oxtnhajws INFO: Worker 0 finished unexpectedly with status 1
2019-08-14T06:56:15Z p-16796 t-oxtnhajws INFO: Heartbeat interval used (in seconds): 30
2019-08-14T06:56:15Z p-16779 t-oxtnhajws INFO: Worker 0 finished unexpectedly with status 1
2019-08-14T06:56:15Z p-16797 t-oxtnhajws INFO: Heartbeat interval used (in seconds): 30
2019-08-14T06:56:15Z p-16779 t-oxtnhajws INFO: Worker 0 finished unexpectedly with status 1
2019-08-14T06:56:16Z p-16798 t-oxtnhajws INFO: Heartbeat interval used (in seconds): 30
2019-08-14T06:56:16Z p-16779 t-oxtnhajws INFO: Worker 0 finished unexpectedly with status 1
2019-08-14T06:56:16Z p-16799 t-oxtnhajws INFO: Heartbeat interval used (in seconds): 30
2019-08-14T06:56:16Z p-16779 t-oxtnhajws INFO: Worker 0 finished unexpectedly with status 1
2019-08-14T06:56:16Z p-16800 t-oxtnhajws INFO: Heartbeat interval used (in seconds): 30
2019-08-14T06:56:16Z p-16779 t-oxtnhajws INFO: Worker 0 finished unexpectedly with status 1
2019-08-14T06:56:16Z p-16801 t-oxtnhajws INFO: Heartbeat interval used (in seconds): 30
2019-08-14T06:56:16Z p-16779 t-oxtnhajws INFO: Worker 0 finished unexpectedly with status 1
2019-08-14T06:56:16Z p-16802 t-oxtnhajws INFO: Heartbeat interval used (in seconds): 30
2019-08-14T06:56:16Z p-16779 t-oxtnhajws INFO: Worker 0 finished unexpectedly with status 1
2019-08-14T06:56:16Z p-16779 t-oxtnezbpg INFO: Received graceful stop
2019-08-14T06:56:16Z p-16803 t-oxtnhajws INFO: Heartbeat interval used (in seconds): 30
2019-08-14T06:56:16Z p-16779 t-oxtnhajws INFO: Worker 0 finished with status 1
2019-08-14T06:56:41Z p-16959 t-ovwo8q4b0 WARN: Loading runner configuration...
2019-08-14T06:56:41Z p-16959 t-ovwo8q4b0 WARN: Loading runner configuration...
2019-08-14T06:56:41Z p-16959 t-ovwo8q4b0 WARN: Loading runner configuration...
2019-08-14T06:56:41Z p-16961 t-ovwo8q4b0 INFO: Heartbeat interval used (in seconds): 30
2019-08-14T06:58:17Z p-16961 t-ovwnys0rg INFO: INC: work.Ruby::Plugin::Worker.started
2019-08-14T06:58:17Z p-16961 t-ovwnys0rg INFO: MESAJA custom.nextrials.cprism
2019-08-14T06:58:17Z p-16961 t-ovwnys0rg INFO: TIME: work.Ruby::Plugin::Worker.time 7.4e-05
2019-08-14T06:58:17Z p-16961 t-ovwnys0rg INFO: INC: work.Ruby::Plugin::Worker.handled.ack
2019-08-14T06:58:17Z p-16961 t-ovwnys0rg INFO: INC: work.Ruby::Plugin::Worker.ended
2019-08-14T06:58:42Z p-16961 t-ovwo8ybjw INFO: Shutting down workers
2019-08-14T06:58:42Z p-16959 t-ovwo8xugc INFO: Received graceful stop
2019-08-14T06:58:42Z p-16961 t-ovwo8ybjw INFO: Queue: will try to cancel consumer #<Bunny::Consumer:70207045522940 @channel_id=1 @queue=custom.nextrials.cprism> @consumer_tag=bunny-1565765801000-77183036946 @exclusive= @no_ack=false>
2019-08-14T06:58:42Z p-16961 t-ovwo8ybjw INFO: Queue: consumer bunny-1565765801000-77183036946 cancelled
2019-08-14T06:58:42Z p-16959 t-ovwo8q4b0 INFO: Worker 0 finished with status 0
